<?xml version="1.0" encoding="UTF-8"?>
<coverage generated="1736869144914" clover="3.2.0">
  <project timestamp="1736869144914" name="All files">
    <metrics statements="72" coveredstatements="72" conditionals="23" coveredconditionals="23" methods="28" coveredmethods="28" elements="123" coveredelements="123" complexity="0" loc="72" ncloc="72" packages="1" files="1" classes="1"/>
    <file name="Notification.js" path="/Users/roquendo/code/rodolfoquendo/js-notifications/lib/Notification.js">
      <metrics statements="72" coveredstatements="72" conditionals="23" coveredconditionals="23" methods="28" coveredmethods="28"/>
      <line num="1" count="1" type="stmt"/>
      <line num="2" count="1" type="stmt"/>
      <line num="5" count="4" type="stmt"/>
      <line num="6" count="4" type="stmt"/>
      <line num="7" count="4" type="stmt"/>
      <line num="8" count="4" type="stmt"/>
      <line num="9" count="4" type="stmt"/>
      <line num="10" count="4" type="stmt"/>
      <line num="11" count="4" type="stmt"/>
      <line num="12" count="4" type="stmt"/>
      <line num="13" count="4" type="stmt"/>
      <line num="14" count="1" type="stmt"/>
      <line num="17" count="11" type="cond" truecount="2" falsecount="0"/>
      <line num="18" count="1" type="stmt"/>
      <line num="22" count="11" type="stmt"/>
      <line num="23" count="11" type="stmt"/>
      <line num="26" count="32" type="stmt"/>
      <line num="29" count="32" type="stmt"/>
      <line num="32" count="22" type="stmt"/>
      <line num="35" count="4" type="stmt"/>
      <line num="38" count="2" type="stmt"/>
      <line num="41" count="4" type="stmt"/>
      <line num="44" count="16" type="stmt"/>
      <line num="47" count="4" type="stmt"/>
      <line num="50" count="16" type="stmt"/>
      <line num="53" count="17" type="cond" truecount="2" falsecount="0"/>
      <line num="54" count="17" type="cond" truecount="2" falsecount="0"/>
      <line num="55" count="17" type="cond" truecount="2" falsecount="0"/>
      <line num="58" count="13" type="stmt"/>
      <line num="59" count="13" type="stmt"/>
      <line num="62" count="4" type="stmt"/>
      <line num="65" count="6" type="stmt"/>
      <line num="68" count="5" type="stmt"/>
      <line num="73" count="5" type="cond" truecount="2" falsecount="0"/>
      <line num="74" count="4" type="stmt"/>
      <line num="75" count="4" type="stmt"/>
      <line num="77" count="5" type="stmt"/>
      <line num="80" count="5" type="cond" truecount="2" falsecount="0"/>
      <line num="81" count="1" type="stmt"/>
      <line num="83" count="5" type="cond" truecount="2" falsecount="0"/>
      <line num="84" count="1" type="stmt"/>
      <line num="86" count="5" type="stmt"/>
      <line num="87" count="5" type="stmt"/>
      <line num="88" count="2" type="stmt"/>
      <line num="90" count="5" type="stmt"/>
      <line num="93" count="5" type="stmt"/>
      <line num="94" count="5" type="stmt"/>
      <line num="95" count="1" type="stmt"/>
      <line num="99" count="3" type="stmt"/>
      <line num="100" count="3" type="stmt"/>
      <line num="101" count="3" type="stmt"/>
      <line num="104" count="5" type="cond" truecount="4" falsecount="0"/>
      <line num="105" count="1" type="stmt"/>
      <line num="107" count="4" type="stmt"/>
      <line num="111" count="4" type="stmt"/>
      <line num="112" count="4" type="stmt"/>
      <line num="116" count="9" type="stmt"/>
      <line num="122" count="1" type="stmt"/>
      <line num="125" count="4" type="stmt"/>
      <line num="126" count="4" type="stmt"/>
      <line num="127" count="4" type="stmt"/>
      <line num="128" count="4" type="stmt"/>
      <line num="129" count="4" type="stmt"/>
      <line num="136" count="4" type="stmt"/>
      <line num="139" count="3" type="stmt"/>
      <line num="140" count="3" type="stmt"/>
      <line num="141" count="3" type="stmt"/>
      <line num="142" count="3" type="stmt"/>
      <line num="143" count="3" type="stmt"/>
      <line num="144" count="3" type="stmt"/>
      <line num="145" count="3" type="stmt"/>
      <line num="149" count="1" type="stmt"/>
    </file>
  </project>
</coverage>
