{"/Users/roquendo/code/rodolfoquendo/js-notifications/lib/Notification.js": {"path":"/Users/roquendo/code/rodolfoquendo/js-notifications/lib/Notification.js","statementMap":{"0":{"start":{"line":1,"column":23},"end":{"line":1,"column":79}},"1":{"start":{"line":2,"column":16},"end":{"line":2,"column":65}},"2":{"start":{"line":5,"column":32},"end":{"line":5,"column":41}},"3":{"start":{"line":6,"column":30},"end":{"line":6,"column":37}},"4":{"start":{"line":7,"column":29},"end":{"line":7,"column":44}},"5":{"start":{"line":8,"column":12},"end":{"line":8,"column":16}},"6":{"start":{"line":9,"column":11},"end":{"line":9,"column":15}},"7":{"start":{"line":10,"column":14},"end":{"line":10,"column":20}},"8":{"start":{"line":11,"column":15},"end":{"line":11,"column":19}},"9":{"start":{"line":12,"column":15},"end":{"line":12,"column":16}},"10":{"start":{"line":13,"column":12},"end":{"line":13,"column":17}},"11":{"start":{"line":14,"column":19},"end":{"line":14,"column":21}},"12":{"start":{"line":17,"column":8},"end":{"line":19,"column":9}},"13":{"start":{"line":18,"column":12},"end":{"line":18,"column":89}},"14":{"start":{"line":22,"column":8},"end":{"line":22,"column":25}},"15":{"start":{"line":23,"column":8},"end":{"line":23,"column":68}},"16":{"start":{"line":26,"column":8},"end":{"line":26,"column":41}},"17":{"start":{"line":29,"column":8},"end":{"line":29,"column":61}},"18":{"start":{"line":32,"column":8},"end":{"line":32,"column":60}},"19":{"start":{"line":35,"column":8},"end":{"line":35,"column":39}},"20":{"start":{"line":38,"column":8},"end":{"line":38,"column":29}},"21":{"start":{"line":41,"column":8},"end":{"line":41,"column":26}},"22":{"start":{"line":44,"column":8},"end":{"line":44,"column":26}},"23":{"start":{"line":47,"column":8},"end":{"line":47,"column":32}},"24":{"start":{"line":50,"column":8},"end":{"line":50,"column":29}},"25":{"start":{"line":53,"column":8},"end":{"line":53,"column":60}},"26":{"start":{"line":54,"column":8},"end":{"line":54,"column":108}},"27":{"start":{"line":55,"column":8},"end":{"line":55,"column":125}},"28":{"start":{"line":58,"column":8},"end":{"line":58,"column":22}},"29":{"start":{"line":59,"column":8},"end":{"line":59,"column":25}},"30":{"start":{"line":62,"column":8},"end":{"line":62,"column":30}},"31":{"start":{"line":65,"column":8},"end":{"line":65,"column":28}},"32":{"start":{"line":68,"column":8},"end":{"line":70,"column":16}},"33":{"start":{"line":73,"column":8},"end":{"line":76,"column":9}},"34":{"start":{"line":74,"column":27},"end":{"line":74,"column":40}},"35":{"start":{"line":75,"column":12},"end":{"line":75,"column":44}},"36":{"start":{"line":77,"column":8},"end":{"line":77,"column":48}},"37":{"start":{"line":80,"column":8},"end":{"line":82,"column":9}},"38":{"start":{"line":81,"column":12},"end":{"line":81,"column":33}},"39":{"start":{"line":83,"column":8},"end":{"line":85,"column":9}},"40":{"start":{"line":84,"column":12},"end":{"line":84,"column":47}},"41":{"start":{"line":86,"column":24},"end":{"line":86,"column":38}},"42":{"start":{"line":87,"column":8},"end":{"line":89,"column":25}},"43":{"start":{"line":88,"column":12},"end":{"line":88,"column":43}},"44":{"start":{"line":90,"column":8},"end":{"line":90,"column":72}},"45":{"start":{"line":93,"column":24},"end":{"line":93,"column":38}},"46":{"start":{"line":94,"column":8},"end":{"line":96,"column":11}},"47":{"start":{"line":95,"column":12},"end":{"line":95,"column":43}},"48":{"start":{"line":99,"column":8},"end":{"line":99,"column":64}},"49":{"start":{"line":100,"column":8},"end":{"line":100,"column":57}},"50":{"start":{"line":101,"column":8},"end":{"line":101,"column":53}},"51":{"start":{"line":104,"column":8},"end":{"line":106,"column":9}},"52":{"start":{"line":105,"column":12},"end":{"line":105,"column":30}},"53":{"start":{"line":107,"column":8},"end":{"line":113,"column":11}},"54":{"start":{"line":111,"column":12},"end":{"line":111,"column":34}},"55":{"start":{"line":112,"column":12},"end":{"line":112,"column":30}},"56":{"start":{"line":116,"column":8},"end":{"line":119,"column":10}},"57":{"start":{"line":122,"column":8},"end":{"line":122,"column":34}},"58":{"start":{"line":125,"column":21},"end":{"line":125,"column":35}},"59":{"start":{"line":126,"column":22},"end":{"line":126,"column":39}},"60":{"start":{"line":127,"column":24},"end":{"line":127,"column":47}},"61":{"start":{"line":128,"column":21},"end":{"line":128,"column":43}},"62":{"start":{"line":129,"column":8},"end":{"line":135,"column":10}},"63":{"start":{"line":136,"column":8},"end":{"line":136,"column":51}},"64":{"start":{"line":139,"column":29},"end":{"line":139,"column":47}},"65":{"start":{"line":140,"column":8},"end":{"line":140,"column":41}},"66":{"start":{"line":141,"column":8},"end":{"line":141,"column":35}},"67":{"start":{"line":142,"column":8},"end":{"line":142,"column":41}},"68":{"start":{"line":143,"column":8},"end":{"line":143,"column":33}},"69":{"start":{"line":144,"column":8},"end":{"line":144,"column":39}},"70":{"start":{"line":145,"column":8},"end":{"line":145,"column":34}},"71":{"start":{"line":149,"column":0},"end":{"line":149,"column":30}}},"fnMap":{"0":{"name":"(anonymous_0)","decl":{"start":{"line":16,"column":4},"end":{"line":16,"column":5}},"loc":{"start":{"line":16,"column":15},"end":{"line":20,"column":5}},"line":16},"1":{"name":"(anonymous_1)","decl":{"start":{"line":21,"column":4},"end":{"line":21,"column":5}},"loc":{"start":{"line":21,"column":12},"end":{"line":24,"column":5}},"line":21},"2":{"name":"(anonymous_2)","decl":{"start":{"line":25,"column":4},"end":{"line":25,"column":5}},"loc":{"start":{"line":25,"column":8},"end":{"line":27,"column":5}},"line":25},"3":{"name":"(anonymous_3)","decl":{"start":{"line":28,"column":4},"end":{"line":28,"column":5}},"loc":{"start":{"line":28,"column":18},"end":{"line":30,"column":5}},"line":28},"4":{"name":"(anonymous_4)","decl":{"start":{"line":31,"column":4},"end":{"line":31,"column":5}},"loc":{"start":{"line":31,"column":13},"end":{"line":33,"column":5}},"line":31},"5":{"name":"(anonymous_5)","decl":{"start":{"line":34,"column":4},"end":{"line":34,"column":5}},"loc":{"start":{"line":34,"column":23},"end":{"line":36,"column":5}},"line":34},"6":{"name":"(anonymous_6)","decl":{"start":{"line":37,"column":4},"end":{"line":37,"column":5}},"loc":{"start":{"line":37,"column":16},"end":{"line":39,"column":5}},"line":37},"7":{"name":"(anonymous_7)","decl":{"start":{"line":40,"column":4},"end":{"line":40,"column":5}},"loc":{"start":{"line":40,"column":17},"end":{"line":42,"column":5}},"line":40},"8":{"name":"(anonymous_8)","decl":{"start":{"line":43,"column":4},"end":{"line":43,"column":5}},"loc":{"start":{"line":43,"column":13},"end":{"line":45,"column":5}},"line":43},"9":{"name":"(anonymous_9)","decl":{"start":{"line":46,"column":4},"end":{"line":46,"column":5}},"loc":{"start":{"line":46,"column":23},"end":{"line":48,"column":5}},"line":46},"10":{"name":"(anonymous_10)","decl":{"start":{"line":49,"column":4},"end":{"line":49,"column":5}},"loc":{"start":{"line":49,"column":16},"end":{"line":51,"column":5}},"line":49},"11":{"name":"(anonymous_11)","decl":{"start":{"line":52,"column":4},"end":{"line":52,"column":5}},"loc":{"start":{"line":52,"column":22},"end":{"line":56,"column":5}},"line":52},"12":{"name":"(anonymous_12)","decl":{"start":{"line":57,"column":4},"end":{"line":57,"column":5}},"loc":{"start":{"line":57,"column":12},"end":{"line":60,"column":5}},"line":57},"13":{"name":"(anonymous_13)","decl":{"start":{"line":61,"column":4},"end":{"line":61,"column":5}},"loc":{"start":{"line":61,"column":21},"end":{"line":63,"column":5}},"line":61},"14":{"name":"(anonymous_14)","decl":{"start":{"line":64,"column":4},"end":{"line":64,"column":5}},"loc":{"start":{"line":64,"column":15},"end":{"line":66,"column":5}},"line":64},"15":{"name":"(anonymous_15)","decl":{"start":{"line":67,"column":4},"end":{"line":67,"column":5}},"loc":{"start":{"line":67,"column":10},"end":{"line":71,"column":5}},"line":67},"16":{"name":"(anonymous_16)","decl":{"start":{"line":72,"column":4},"end":{"line":72,"column":5}},"loc":{"start":{"line":72,"column":13},"end":{"line":78,"column":5}},"line":72},"17":{"name":"(anonymous_17)","decl":{"start":{"line":79,"column":4},"end":{"line":79,"column":5}},"loc":{"start":{"line":79,"column":16},"end":{"line":91,"column":5}},"line":79},"18":{"name":"(anonymous_18)","decl":{"start":{"line":87,"column":63},"end":{"line":87,"column":64}},"loc":{"start":{"line":87,"column":73},"end":{"line":89,"column":9}},"line":87},"19":{"name":"(anonymous_19)","decl":{"start":{"line":92,"column":4},"end":{"line":92,"column":5}},"loc":{"start":{"line":92,"column":22},"end":{"line":97,"column":5}},"line":92},"20":{"name":"(anonymous_20)","decl":{"start":{"line":94,"column":49},"end":{"line":94,"column":50}},"loc":{"start":{"line":94,"column":55},"end":{"line":96,"column":9}},"line":94},"21":{"name":"(anonymous_21)","decl":{"start":{"line":98,"column":4},"end":{"line":98,"column":5}},"loc":{"start":{"line":98,"column":28},"end":{"line":102,"column":5}},"line":98},"22":{"name":"(anonymous_22)","decl":{"start":{"line":103,"column":4},"end":{"line":103,"column":5}},"loc":{"start":{"line":103,"column":15},"end":{"line":114,"column":5}},"line":103},"23":{"name":"(anonymous_23)","decl":{"start":{"line":110,"column":16},"end":{"line":110,"column":17}},"loc":{"start":{"line":110,"column":28},"end":{"line":113,"column":9}},"line":110},"24":{"name":"(anonymous_24)","decl":{"start":{"line":115,"column":4},"end":{"line":115,"column":5}},"loc":{"start":{"line":115,"column":9},"end":{"line":120,"column":5}},"line":115},"25":{"name":"(anonymous_25)","decl":{"start":{"line":121,"column":4},"end":{"line":121,"column":5}},"loc":{"start":{"line":121,"column":14},"end":{"line":123,"column":5}},"line":121},"26":{"name":"(anonymous_26)","decl":{"start":{"line":124,"column":4},"end":{"line":124,"column":5}},"loc":{"start":{"line":124,"column":15},"end":{"line":137,"column":5}},"line":124},"27":{"name":"(anonymous_27)","decl":{"start":{"line":138,"column":4},"end":{"line":138,"column":5}},"loc":{"start":{"line":138,"column":86},"end":{"line":146,"column":5}},"line":138}},"branchMap":{"0":{"loc":{"start":{"line":17,"column":8},"end":{"line":19,"column":9}},"type":"if","locations":[{"start":{"line":17,"column":8},"end":{"line":19,"column":9}},{"start":{},"end":{}}],"line":17},"1":{"loc":{"start":{"line":52,"column":11},"end":{"line":52,"column":21}},"type":"default-arg","locations":[{"start":{"line":52,"column":17},"end":{"line":52,"column":21}}],"line":52},"2":{"loc":{"start":{"line":53,"column":20},"end":{"line":53,"column":59}},"type":"cond-expr","locations":[{"start":{"line":53,"column":44},"end":{"line":53,"column":47}},{"start":{"line":53,"column":50},"end":{"line":53,"column":59}}],"line":53},"3":{"loc":{"start":{"line":54,"column":20},"end":{"line":54,"column":107}},"type":"cond-expr","locations":[{"start":{"line":54,"column":50},"end":{"line":54,"column":59}},{"start":{"line":54,"column":62},"end":{"line":54,"column":107}}],"line":54},"4":{"loc":{"start":{"line":55,"column":20},"end":{"line":55,"column":124}},"type":"cond-expr","locations":[{"start":{"line":55,"column":50},"end":{"line":55,"column":59}},{"start":{"line":55,"column":62},"end":{"line":55,"column":124}}],"line":55},"5":{"loc":{"start":{"line":73,"column":8},"end":{"line":76,"column":9}},"type":"if","locations":[{"start":{"line":73,"column":8},"end":{"line":76,"column":9}},{"start":{},"end":{}}],"line":73},"6":{"loc":{"start":{"line":80,"column":8},"end":{"line":82,"column":9}},"type":"if","locations":[{"start":{"line":80,"column":8},"end":{"line":82,"column":9}},{"start":{},"end":{}}],"line":80},"7":{"loc":{"start":{"line":83,"column":8},"end":{"line":85,"column":9}},"type":"if","locations":[{"start":{"line":83,"column":8},"end":{"line":85,"column":9}},{"start":{},"end":{}}],"line":83},"8":{"loc":{"start":{"line":104,"column":8},"end":{"line":106,"column":9}},"type":"if","locations":[{"start":{"line":104,"column":8},"end":{"line":106,"column":9}},{"start":{},"end":{}}],"line":104},"9":{"loc":{"start":{"line":104,"column":11},"end":{"line":104,"column":55}},"type":"binary-expr","locations":[{"start":{"line":104,"column":11},"end":{"line":104,"column":41}},{"start":{"line":104,"column":45},"end":{"line":104,"column":55}}],"line":104},"10":{"loc":{"start":{"line":138,"column":27},"end":{"line":138,"column":43}},"type":"default-arg","locations":[{"start":{"line":138,"column":34},"end":{"line":138,"column":43}}],"line":138},"11":{"loc":{"start":{"line":138,"column":45},"end":{"line":138,"column":56}},"type":"default-arg","locations":[{"start":{"line":138,"column":55},"end":{"line":138,"column":56}}],"line":138},"12":{"loc":{"start":{"line":138,"column":58},"end":{"line":138,"column":68}},"type":"default-arg","locations":[{"start":{"line":138,"column":64},"end":{"line":138,"column":68}}],"line":138},"13":{"loc":{"start":{"line":138,"column":70},"end":{"line":138,"column":85}},"type":"default-arg","locations":[{"start":{"line":138,"column":79},"end":{"line":138,"column":85}}],"line":138}},"s":{"0":1,"1":1,"2":4,"3":4,"4":4,"5":4,"6":4,"7":4,"8":4,"9":4,"10":4,"11":1,"12":11,"13":1,"14":11,"15":11,"16":32,"17":32,"18":22,"19":4,"20":2,"21":4,"22":16,"23":4,"24":16,"25":17,"26":17,"27":17,"28":13,"29":13,"30":4,"31":6,"32":5,"33":5,"34":4,"35":4,"36":5,"37":5,"38":1,"39":5,"40":1,"41":5,"42":5,"43":2,"44":5,"45":5,"46":5,"47":1,"48":3,"49":3,"50":3,"51":5,"52":1,"53":4,"54":4,"55":4,"56":9,"57":1,"58":4,"59":4,"60":4,"61":4,"62":4,"63":4,"64":3,"65":3,"66":3,"67":3,"68":3,"69":3,"70":3,"71":1},"f":{"0":11,"1":11,"2":32,"3":32,"4":22,"5":4,"6":2,"7":4,"8":16,"9":4,"10":16,"11":17,"12":13,"13":4,"14":6,"15":5,"16":5,"17":5,"18":2,"19":5,"20":1,"21":3,"22":5,"23":4,"24":9,"25":1,"26":4,"27":3},"b":{"0":[1,10],"1":[13],"2":[1,16],"3":[11,6],"4":[11,6],"5":[4,1],"6":[1,4],"7":[1,4],"8":[1,4],"9":[5,5],"10":[1],"11":[1],"12":[1],"13":[1]},"_coverageSchema":"1a1c01bbd47fc00a2c39e90264f33305004495a9","hash":"fc4f8974b4d991c16e861fb86a0f3afc1fecafd2"}
}
