TN:
SF:lib/Notification.js
FN:16,(anonymous_0)
FN:21,(anonymous_1)
FN:25,(anonymous_2)
FN:28,(anonymous_3)
FN:31,(anonymous_4)
FN:34,(anonymous_5)
FN:37,(anonymous_6)
FN:40,(anonymous_7)
FN:43,(anonymous_8)
FN:46,(anonymous_9)
FN:49,(anonymous_10)
FN:52,(anonymous_11)
FN:57,(anonymous_12)
FN:61,(anonymous_13)
FN:64,(anonymous_14)
FN:67,(anonymous_15)
FN:72,(anonymous_16)
FN:79,(anonymous_17)
FN:87,(anonymous_18)
FN:92,(anonymous_19)
FN:94,(anonymous_20)
FN:98,(anonymous_21)
FN:103,(anonymous_22)
FN:110,(anonymous_23)
FN:115,(anonymous_24)
FN:121,(anonymous_25)
FN:124,(anonymous_26)
FN:138,(anonymous_27)
FNF:28
FNH:28
FNDA:11,(anonymous_0)
FNDA:11,(anonymous_1)
FNDA:32,(anonymous_2)
FNDA:32,(anonymous_3)
FNDA:22,(anonymous_4)
FNDA:4,(anonymous_5)
FNDA:2,(anonymous_6)
FNDA:4,(anonymous_7)
FNDA:16,(anonymous_8)
FNDA:4,(anonymous_9)
FNDA:16,(anonymous_10)
FNDA:17,(anonymous_11)
FNDA:13,(anonymous_12)
FNDA:4,(anonymous_13)
FNDA:6,(anonymous_14)
FNDA:5,(anonymous_15)
FNDA:5,(anonymous_16)
FNDA:5,(anonymous_17)
FNDA:2,(anonymous_18)
FNDA:5,(anonymous_19)
FNDA:1,(anonymous_20)
FNDA:3,(anonymous_21)
FNDA:5,(anonymous_22)
FNDA:4,(anonymous_23)
FNDA:9,(anonymous_24)
FNDA:1,(anonymous_25)
FNDA:4,(anonymous_26)
FNDA:3,(anonymous_27)
DA:1,1
DA:2,1
DA:5,4
DA:6,4
DA:7,4
DA:8,4
DA:9,4
DA:10,4
DA:11,4
DA:12,4
DA:13,4
DA:14,1
DA:17,11
DA:18,1
DA:22,11
DA:23,11
DA:26,32
DA:29,32
DA:32,22
DA:35,4
DA:38,2
DA:41,4
DA:44,16
DA:47,4
DA:50,16
DA:53,17
DA:54,17
DA:55,17
DA:58,13
DA:59,13
DA:62,4
DA:65,6
DA:68,5
DA:73,5
DA:74,4
DA:75,4
DA:77,5
DA:80,5
DA:81,1
DA:83,5
DA:84,1
DA:86,5
DA:87,5
DA:88,2
DA:90,5
DA:93,5
DA:94,5
DA:95,1
DA:99,3
DA:100,3
DA:101,3
DA:104,5
DA:105,1
DA:107,4
DA:111,4
DA:112,4
DA:116,9
DA:122,1
DA:125,4
DA:126,4
DA:127,4
DA:128,4
DA:129,4
DA:136,4
DA:139,3
DA:140,3
DA:141,3
DA:142,3
DA:143,3
DA:144,3
DA:145,3
DA:149,1
LF:72
LH:72
BRDA:17,0,0,1
BRDA:17,0,1,10
BRDA:52,1,0,13
BRDA:53,2,0,1
BRDA:53,2,1,16
BRDA:54,3,0,11
BRDA:54,3,1,6
BRDA:55,4,0,11
BRDA:55,4,1,6
BRDA:73,5,0,4
BRDA:73,5,1,1
BRDA:80,6,0,1
BRDA:80,6,1,4
BRDA:83,7,0,1
BRDA:83,7,1,4
BRDA:104,8,0,1
BRDA:104,8,1,4
BRDA:104,9,0,5
BRDA:104,9,1,5
BRDA:138,10,0,1
BRDA:138,11,0,1
BRDA:138,12,0,1
BRDA:138,13,0,1
BRF:23
BRH:23
end_of_record
